aclocal: warning: autoconf input should be named 'configure.ac', not 'configure.in'
acinclude.m4:92: warning: the serial number must appear before any macro definition
configure.in:41: warning: AC_CACHE_VAL(lt_prog_compiler_pic_works, ...): suspicious cache-id, must contain _cv_ to be cached
../../lib/autoconf/general.m4:2031: AC_CACHE_VAL is expanded from...
../../lib/autoconf/general.m4:2052: AC_CACHE_CHECK is expanded from...
acinclude.m4:697: AC_LIBTOOL_COMPILER_OPTION is expanded from...
acinclude.m4:4897: AC_LIBTOOL_PROG_COMPILER_PIC is expanded from...
acinclude.m4:2733: _LT_AC_LANG_C_CONFIG is expanded from...
acinclude.m4:2732: AC_LIBTOOL_LANG_C_CONFIG is expanded from...
acinclude.m4:162: AC_LIBTOOL_SETUP is expanded from...
acinclude.m4:142: _AC_PROG_LIBTOOL is expanded from...
acinclude.m4:107: AC_PROG_LIBTOOL is expanded from...
acinclude.m4:6397: AM_PROG_LIBTOOL is expanded from...
configure.in:41: the top level
configure.in:41: warning: AC_CACHE_VAL(lt_prog_compiler_static_works, ...): suspicious cache-id, must contain _cv_ to be cached
../../lib/autoconf/general.m4:2031: AC_CACHE_VAL is expanded from...
../../lib/autoconf/general.m4:2052: AC_CACHE_CHECK is expanded from...
acinclude.m4:742: AC_LIBTOOL_LINKER_OPTION is expanded from...
acinclude.m4:4897: AC_LIBTOOL_PROG_COMPILER_PIC is expanded from...
acinclude.m4:2733: _LT_AC_LANG_C_CONFIG is expanded from...
acinclude.m4:2732: AC_LIBTOOL_LANG_C_CONFIG is expanded from...
acinclude.m4:162: AC_LIBTOOL_SETUP is expanded from...
acinclude.m4:142: _AC_PROG_LIBTOOL is expanded from...
acinclude.m4:107: AC_PROG_LIBTOOL is expanded from...
acinclude.m4:6397: AM_PROG_LIBTOOL is expanded from...
configure.in:41: the top level
configure.in:41: warning: AC_LANG_CONFTEST: no AC_LANG_SOURCE call detected in body
../../lib/autoconf/lang.m4:193: AC_LANG_CONFTEST is expanded from...
../../lib/autoconf/general.m4:2661: _AC_LINK_IFELSE is expanded from...
../../lib/autoconf/general.m4:2678: AC_LINK_IFELSE is expanded from...
acinclude.m4:371: _LT_AC_SYS_LIBPATH_AIX is expanded from...
acinclude.m4:5424: AC_LIBTOOL_PROG_LD_SHLIBS is expanded from...
acinclude.m4:2733: _LT_AC_LANG_C_CONFIG is expanded from...
acinclude.m4:2732: AC_LIBTOOL_LANG_C_CONFIG is expanded from...
acinclude.m4:162: AC_LIBTOOL_SETUP is expanded from...
acinclude.m4:142: _AC_PROG_LIBTOOL is expanded from...
acinclude.m4:107: AC_PROG_LIBTOOL is expanded from...
acinclude.m4:6397: AM_PROG_LIBTOOL is expanded from...
configure.in:41: the top level
configure.in:41: warning: AC_LANG_CONFTEST: no AC_LANG_SOURCE call detected in body
../../lib/autoconf/lang.m4:193: AC_LANG_CONFTEST is expanded from...
../../lib/autoconf/general.m4:2661: _AC_LINK_IFELSE is expanded from...
../../lib/autoconf/general.m4:2678: AC_LINK_IFELSE is expanded from...
acinclude.m4:371: _LT_AC_SYS_LIBPATH_AIX is expanded from...
acinclude.m4:2814: _LT_AC_LANG_CXX_CONFIG is expanded from...
acinclude.m4:2813: AC_LIBTOOL_LANG_CXX_CONFIG is expanded from...
acinclude.m4:1869: _LT_AC_TAGCONFIG is expanded from...
acinclude.m4:162: AC_LIBTOOL_SETUP is expanded from...
acinclude.m4:142: _AC_PROG_LIBTOOL is expanded from...
acinclude.m4:107: AC_PROG_LIBTOOL is expanded from...
acinclude.m4:6397: AM_PROG_LIBTOOL is expanded from...
configure.in:41: the top level
configure.in:41: warning: AC_CACHE_VAL(lt_prog_compiler_pic_works_CXX, ...): suspicious cache-id, must contain _cv_ to be cached
../../lib/autoconf/general.m4:2031: AC_CACHE_VAL is expanded from...
../../lib/autoconf/general.m4:2052: AC_CACHE_CHECK is expanded from...
acinclude.m4:697: AC_LIBTOOL_COMPILER_OPTION is expanded from...
acinclude.m4:4897: AC_LIBTOOL_PROG_COMPILER_PIC is expanded from...
acinclude.m4:2814: _LT_AC_LANG_CXX_CONFIG is expanded from...
acinclude.m4:2813: AC_LIBTOOL_LANG_CXX_CONFIG is expanded from...
acinclude.m4:1869: _LT_AC_TAGCONFIG is expanded from...
acinclude.m4:162: AC_LIBTOOL_SETUP is expanded from...
acinclude.m4:142: _AC_PROG_LIBTOOL is expanded from...
acinclude.m4:107: AC_PROG_LIBTOOL is expanded from...
acinclude.m4:6397: AM_PROG_LIBTOOL is expanded from...
configure.in:41: the top level
configure.in:41: warning: AC_CACHE_VAL(lt_prog_compiler_static_works_CXX, ...): suspicious cache-id, must contain _cv_ to be cached
../../lib/autoconf/general.m4:2031: AC_CACHE_VAL is expanded from...
../../lib/autoconf/general.m4:2052: AC_CACHE_CHECK is expanded from...
acinclude.m4:742: AC_LIBTOOL_LINKER_OPTION is expanded from...
acinclude.m4:4897: AC_LIBTOOL_PROG_COMPILER_PIC is expanded from...
acinclude.m4:2814: _LT_AC_LANG_CXX_CONFIG is expanded from...
acinclude.m4:2813: AC_LIBTOOL_LANG_CXX_CONFIG is expanded from...
acinclude.m4:1869: _LT_AC_TAGCONFIG is expanded from...
acinclude.m4:162: AC_LIBTOOL_SETUP is expanded from...
acinclude.m4:142: _AC_PROG_LIBTOOL is expanded from...
acinclude.m4:107: AC_PROG_LIBTOOL is expanded from...
acinclude.m4:6397: AM_PROG_LIBTOOL is expanded from...
configure.in:41: the top level
configure.in:41: warning: AC_CACHE_VAL(lt_prog_compiler_pic_works_F77, ...): suspicious cache-id, must contain _cv_ to be cached
../../lib/autoconf/general.m4:2031: AC_CACHE_VAL is expanded from...
../../lib/autoconf/general.m4:2052: AC_CACHE_CHECK is expanded from...
acinclude.m4:697: AC_LIBTOOL_COMPILER_OPTION is expanded from...
acinclude.m4:4897: AC_LIBTOOL_PROG_COMPILER_PIC is expanded from...
acinclude.m4:3981: _LT_AC_LANG_F77_CONFIG is expanded from...
acinclude.m4:3980: AC_LIBTOOL_LANG_F77_CONFIG is expanded from...
acinclude.m4:1869: _LT_AC_TAGCONFIG is expanded from...
acinclude.m4:162: AC_LIBTOOL_SETUP is expanded from...
acinclude.m4:142: _AC_PROG_LIBTOOL is expanded from...
acinclude.m4:107: AC_PROG_LIBTOOL is expanded from...
acinclude.m4:6397: AM_PROG_LIBTOOL is expanded from...
configure.in:41: the top level
configure.in:41: warning: AC_CACHE_VAL(lt_prog_compiler_static_works_F77, ...): suspicious cache-id, must contain _cv_ to be cached
../../lib/autoconf/general.m4:2031: AC_CACHE_VAL is expanded from...
../../lib/autoconf/general.m4:2052: AC_CACHE_CHECK is expanded from...
acinclude.m4:742: AC_LIBTOOL_LINKER_OPTION is expanded from...
acinclude.m4:4897: AC_LIBTOOL_PROG_COMPILER_PIC is expanded from...
acinclude.m4:3981: _LT_AC_LANG_F77_CONFIG is expanded from...
acinclude.m4:3980: AC_LIBTOOL_LANG_F77_CONFIG is expanded from...
acinclude.m4:1869: _LT_AC_TAGCONFIG is expanded from...
acinclude.m4:162: AC_LIBTOOL_SETUP is expanded from...
acinclude.m4:142: _AC_PROG_LIBTOOL is expanded from...
acinclude.m4:107: AC_PROG_LIBTOOL is expanded from...
acinclude.m4:6397: AM_PROG_LIBTOOL is expanded from...
configure.in:41: the top level
configure.in:41: warning: AC_CACHE_VAL(lt_prog_compiler_pic_works_GCJ, ...): suspicious cache-id, must contain _cv_ to be cached
../../lib/autoconf/general.m4:2031: AC_CACHE_VAL is expanded from...
../../lib/autoconf/general.m4:2052: AC_CACHE_CHECK is expanded from...
acinclude.m4:697: AC_LIBTOOL_COMPILER_OPTION is expanded from...
acinclude.m4:4897: AC_LIBTOOL_PROG_COMPILER_PIC is expanded from...
acinclude.m4:4083: _LT_AC_LANG_GCJ_CONFIG is expanded from...
acinclude.m4:4082: AC_LIBTOOL_LANG_GCJ_CONFIG is expanded from...
acinclude.m4:1869: _LT_AC_TAGCONFIG is expanded from...
acinclude.m4:162: AC_LIBTOOL_SETUP is expanded from...
acinclude.m4:142: _AC_PROG_LIBTOOL is expanded from...
acinclude.m4:107: AC_PROG_LIBTOOL is expanded from...
acinclude.m4:6397: AM_PROG_LIBTOOL is expanded from...
configure.in:41: the top level
configure.in:41: warning: AC_CACHE_VAL(lt_prog_compiler_static_works_GCJ, ...): suspicious cache-id, must contain _cv_ to be cached
../../lib/autoconf/general.m4:2031: AC_CACHE_VAL is expanded from...
../../lib/autoconf/general.m4:2052: AC_CACHE_CHECK is expanded from...
acinclude.m4:742: AC_LIBTOOL_LINKER_OPTION is expanded from...
acinclude.m4:4897: AC_LIBTOOL_PROG_COMPILER_PIC is expanded from...
acinclude.m4:4083: _LT_AC_LANG_GCJ_CONFIG is expanded from...
acinclude.m4:4082: AC_LIBTOOL_LANG_GCJ_CONFIG is expanded from...
acinclude.m4:1869: _LT_AC_TAGCONFIG is expanded from...
acinclude.m4:162: AC_LIBTOOL_SETUP is expanded from...
acinclude.m4:142: _AC_PROG_LIBTOOL is expanded from...
acinclude.m4:107: AC_PROG_LIBTOOL is expanded from...
acinclude.m4:6397: AM_PROG_LIBTOOL is expanded from...
configure.in:41: the top level
configure.in:41: warning: AC_LANG_CONFTEST: no AC_LANG_SOURCE call detected in body
../../lib/autoconf/lang.m4:193: AC_LANG_CONFTEST is expanded from...
../../lib/autoconf/general.m4:2661: _AC_LINK_IFELSE is expanded from...
../../lib/autoconf/general.m4:2678: AC_LINK_IFELSE is expanded from...
acinclude.m4:371: _LT_AC_SYS_LIBPATH_AIX is expanded from...
acinclude.m4:5424: AC_LIBTOOL_PROG_LD_SHLIBS is expanded from...
acinclude.m4:4083: _LT_AC_LANG_GCJ_CONFIG is expanded from...
acinclude.m4:4082: AC_LIBTOOL_LANG_GCJ_CONFIG is expanded from...
acinclude.m4:1869: _LT_AC_TAGCONFIG is expanded from...
acinclude.m4:162: AC_LIBTOOL_SETUP is expanded from...
acinclude.m4:142: _AC_PROG_LIBTOOL is expanded from...
acinclude.m4:107: AC_PROG_LIBTOOL is expanded from...
acinclude.m4:6397: AM_PROG_LIBTOOL is expanded from...
configure.in:41: the top level
configure.in:41: warning: AC_CACHE_VAL(lt_prog_compiler_pic_works, ...): suspicious cache-id, must contain _cv_ to be cached
../../lib/autoconf/general.m4:2031: AC_CACHE_VAL is expanded from...
../../lib/autoconf/general.m4:2052: AC_CACHE_CHECK is expanded from...
acinclude.m4:697: AC_LIBTOOL_COMPILER_OPTION is expanded from...
acinclude.m4:4897: AC_LIBTOOL_PROG_COMPILER_PIC is expanded from...
acinclude.m4:2733: _LT_AC_LANG_C_CONFIG is expanded from...
acinclude.m4:2732: AC_LIBTOOL_LANG_C_CONFIG is expanded from...
acinclude.m4:162: AC_LIBTOOL_SETUP is expanded from...
acinclude.m4:142: _AC_PROG_LIBTOOL is expanded from...
acinclude.m4:107: AC_PROG_LIBTOOL is expanded from...
acinclude.m4:6397: AM_PROG_LIBTOOL is expanded from...
configure.in:41: the top level
configure.in:41: warning: AC_CACHE_VAL(lt_prog_compiler_static_works, ...): suspicious cache-id, must contain _cv_ to be cached
../../lib/autoconf/general.m4:2031: AC_CACHE_VAL is expanded from...
../../lib/autoconf/general.m4:2052: AC_CACHE_CHECK is expanded from...
acinclude.m4:742: AC_LIBTOOL_LINKER_OPTION is expanded from...
acinclude.m4:4897: AC_LIBTOOL_PROG_COMPILER_PIC is expanded from...
acinclude.m4:2733: _LT_AC_LANG_C_CONFIG is expanded from...
acinclude.m4:2732: AC_LIBTOOL_LANG_C_CONFIG is expanded from...
acinclude.m4:162: AC_LIBTOOL_SETUP is expanded from...
acinclude.m4:142: _AC_PROG_LIBTOOL is expanded from...
acinclude.m4:107: AC_PROG_LIBTOOL is expanded from...
acinclude.m4:6397: AM_PROG_LIBTOOL is expanded from...
configure.in:41: the top level
configure.in:41: warning: AC_LANG_CONFTEST: no AC_LANG_SOURCE call detected in body
../../lib/autoconf/lang.m4:193: AC_LANG_CONFTEST is expanded from...
../../lib/autoconf/general.m4:2661: _AC_LINK_IFELSE is expanded from...
../../lib/autoconf/general.m4:2678: AC_LINK_IFELSE is expanded from...
acinclude.m4:371: _LT_AC_SYS_LIBPATH_AIX is expanded from...
acinclude.m4:5424: AC_LIBTOOL_PROG_LD_SHLIBS is expanded from...
acinclude.m4:2733: _LT_AC_LANG_C_CONFIG is expanded from...
acinclude.m4:2732: AC_LIBTOOL_LANG_C_CONFIG is expanded from...
acinclude.m4:162: AC_LIBTOOL_SETUP is expanded from...
acinclude.m4:142: _AC_PROG_LIBTOOL is expanded from...
acinclude.m4:107: AC_PROG_LIBTOOL is expanded from...
acinclude.m4:6397: AM_PROG_LIBTOOL is expanded from...
configure.in:41: the top level
configure.in:41: warning: AC_LANG_CONFTEST: no AC_LANG_SOURCE call detected in body
../../lib/autoconf/lang.m4:193: AC_LANG_CONFTEST is expanded from...
../../lib/autoconf/general.m4:2661: _AC_LINK_IFELSE is expanded from...
../../lib/autoconf/general.m4:2678: AC_LINK_IFELSE is expanded from...
acinclude.m4:371: _LT_AC_SYS_LIBPATH_AIX is expanded from...
acinclude.m4:2814: _LT_AC_LANG_CXX_CONFIG is expanded from...
acinclude.m4:2813: AC_LIBTOOL_LANG_CXX_CONFIG is expanded from...
acinclude.m4:1869: _LT_AC_TAGCONFIG is expanded from...
acinclude.m4:162: AC_LIBTOOL_SETUP is expanded from...
acinclude.m4:142: _AC_PROG_LIBTOOL is expanded from...
acinclude.m4:107: AC_PROG_LIBTOOL is expanded from...
acinclude.m4:6397: AM_PROG_LIBTOOL is expanded from...
configure.in:41: the top level
configure.in:41: warning: AC_CACHE_VAL(lt_prog_compiler_pic_works_CXX, ...): suspicious cache-id, must contain _cv_ to be cached
../../lib/autoconf/general.m4:2031: AC_CACHE_VAL is expanded from...
../../lib/autoconf/general.m4:2052: AC_CACHE_CHECK is expanded from...
acinclude.m4:697: AC_LIBTOOL_COMPILER_OPTION is expanded from...
acinclude.m4:4897: AC_LIBTOOL_PROG_COMPILER_PIC is expanded from...
acinclude.m4:2814: _LT_AC_LANG_CXX_CONFIG is expanded from...
acinclude.m4:2813: AC_LIBTOOL_LANG_CXX_CONFIG is expanded from...
acinclude.m4:1869: _LT_AC_TAGCONFIG is expanded from...
acinclude.m4:162: AC_LIBTOOL_SETUP is expanded from...
acinclude.m4:142: _AC_PROG_LIBTOOL is expanded from...
acinclude.m4:107: AC_PROG_LIBTOOL is expanded from...
acinclude.m4:6397: AM_PROG_LIBTOOL is expanded from...
configure.in:41: the top level
configure.in:41: warning: AC_CACHE_VAL(lt_prog_compiler_static_works_CXX, ...): suspicious cache-id, must contain _cv_ to be cached
../../lib/autoconf/general.m4:2031: AC_CACHE_VAL is expanded from...
../../lib/autoconf/general.m4:2052: AC_CACHE_CHECK is expanded from...
acinclude.m4:742: AC_LIBTOOL_LINKER_OPTION is expanded from...
acinclude.m4:4897: AC_LIBTOOL_PROG_COMPILER_PIC is expanded from...
acinclude.m4:2814: _LT_AC_LANG_CXX_CONFIG is expanded from...
acinclude.m4:2813: AC_LIBTOOL_LANG_CXX_CONFIG is expanded from...
acinclude.m4:1869: _LT_AC_TAGCONFIG is expanded from...
acinclude.m4:162: AC_LIBTOOL_SETUP is expanded from...
acinclude.m4:142: _AC_PROG_LIBTOOL is expanded from...
acinclude.m4:107: AC_PROG_LIBTOOL is expanded from...
acinclude.m4:6397: AM_PROG_LIBTOOL is expanded from...
configure.in:41: the top level
configure.in:41: warning: AC_CACHE_VAL(lt_prog_compiler_pic_works_F77, ...): suspicious cache-id, must contain _cv_ to be cached
../../lib/autoconf/general.m4:2031: AC_CACHE_VAL is expanded from...
../../lib/autoconf/general.m4:2052: AC_CACHE_CHECK is expanded from...
acinclude.m4:697: AC_LIBTOOL_COMPILER_OPTION is expanded from...
acinclude.m4:4897: AC_LIBTOOL_PROG_COMPILER_PIC is expanded from...
acinclude.m4:3981: _LT_AC_LANG_F77_CONFIG is expanded from...
acinclude.m4:3980: AC_LIBTOOL_LANG_F77_CONFIG is expanded from...
acinclude.m4:1869: _LT_AC_TAGCONFIG is expanded from...
acinclude.m4:162: AC_LIBTOOL_SETUP is expanded from...
acinclude.m4:142: _AC_PROG_LIBTOOL is expanded from...
acinclude.m4:107: AC_PROG_LIBTOOL is expanded from...
acinclude.m4:6397: AM_PROG_LIBTOOL is expanded from...
configure.in:41: the top level
configure.in:41: warning: AC_CACHE_VAL(lt_prog_compiler_static_works_F77, ...): suspicious cache-id, must contain _cv_ to be cached
../../lib/autoconf/general.m4:2031: AC_CACHE_VAL is expanded from...
../../lib/autoconf/general.m4:2052: AC_CACHE_CHECK is expanded from...
acinclude.m4:742: AC_LIBTOOL_LINKER_OPTION is expanded from...
acinclude.m4:4897: AC_LIBTOOL_PROG_COMPILER_PIC is expanded from...
acinclude.m4:3981: _LT_AC_LANG_F77_CONFIG is expanded from...
acinclude.m4:3980: AC_LIBTOOL_LANG_F77_CONFIG is expanded from...
acinclude.m4:1869: _LT_AC_TAGCONFIG is expanded from...
acinclude.m4:162: AC_LIBTOOL_SETUP is expanded from...
acinclude.m4:142: _AC_PROG_LIBTOOL is expanded from...
acinclude.m4:107: AC_PROG_LIBTOOL is expanded from...
acinclude.m4:6397: AM_PROG_LIBTOOL is expanded from...
configure.in:41: the top level
configure.in:41: warning: AC_CACHE_VAL(lt_prog_compiler_pic_works_GCJ, ...): suspicious cache-id, must contain _cv_ to be cached
../../lib/autoconf/general.m4:2031: AC_CACHE_VAL is expanded from...
../../lib/autoconf/general.m4:2052: AC_CACHE_CHECK is expanded from...
acinclude.m4:697: AC_LIBTOOL_COMPILER_OPTION is expanded from...
acinclude.m4:4897: AC_LIBTOOL_PROG_COMPILER_PIC is expanded from...
acinclude.m4:4083: _LT_AC_LANG_GCJ_CONFIG is expanded from...
acinclude.m4:4082: AC_LIBTOOL_LANG_GCJ_CONFIG is expanded from...
acinclude.m4:1869: _LT_AC_TAGCONFIG is expanded from...
acinclude.m4:162: AC_LIBTOOL_SETUP is expanded from...
acinclude.m4:142: _AC_PROG_LIBTOOL is expanded from...
acinclude.m4:107: AC_PROG_LIBTOOL is expanded from...
acinclude.m4:6397: AM_PROG_LIBTOOL is expanded from...
configure.in:41: the top level
configure.in:41: warning: AC_CACHE_VAL(lt_prog_compiler_static_works_GCJ, ...): suspicious cache-id, must contain _cv_ to be cached
../../lib/autoconf/general.m4:2031: AC_CACHE_VAL is expanded from...
../../lib/autoconf/general.m4:2052: AC_CACHE_CHECK is expanded from...
acinclude.m4:742: AC_LIBTOOL_LINKER_OPTION is expanded from...
acinclude.m4:4897: AC_LIBTOOL_PROG_COMPILER_PIC is expanded from...
acinclude.m4:4083: _LT_AC_LANG_GCJ_CONFIG is expanded from...
acinclude.m4:4082: AC_LIBTOOL_LANG_GCJ_CONFIG is expanded from...
acinclude.m4:1869: _LT_AC_TAGCONFIG is expanded from...
acinclude.m4:162: AC_LIBTOOL_SETUP is expanded from...
acinclude.m4:142: _AC_PROG_LIBTOOL is expanded from...
acinclude.m4:107: AC_PROG_LIBTOOL is expanded from...
acinclude.m4:6397: AM_PROG_LIBTOOL is expanded from...
configure.in:41: the top level
configure.in:41: warning: AC_LANG_CONFTEST: no AC_LANG_SOURCE call detected in body
../../lib/autoconf/lang.m4:193: AC_LANG_CONFTEST is expanded from...
../../lib/autoconf/general.m4:2661: _AC_LINK_IFELSE is expanded from...
../../lib/autoconf/general.m4:2678: AC_LINK_IFELSE is expanded from...
acinclude.m4:371: _LT_AC_SYS_LIBPATH_AIX is expanded from...
acinclude.m4:5424: AC_LIBTOOL_PROG_LD_SHLIBS is expanded from...
acinclude.m4:4083: _LT_AC_LANG_GCJ_CONFIG is expanded from...
acinclude.m4:4082: AC_LIBTOOL_LANG_GCJ_CONFIG is expanded from...
acinclude.m4:1869: _LT_AC_TAGCONFIG is expanded from...
acinclude.m4:162: AC_LIBTOOL_SETUP is expanded from...
acinclude.m4:142: _AC_PROG_LIBTOOL is expanded from...
acinclude.m4:107: AC_PROG_LIBTOOL is expanded from...
acinclude.m4:6397: AM_PROG_LIBTOOL is expanded from...
configure.in:41: the top level
automake: warning: autoconf input should be named 'configure.ac', not 'configure.in'
configure.in:118: warning: AM_INIT_AUTOMAKE: two- and three-arguments forms are deprecated.  For more info, see:
configure.in:118: http://www.gnu.org/software/automake/manual/automake.html#Modernize-AM_005fINIT_005fAUTOMAKE-invocation
Makefile.am:44: warning: 'INCLUDES' is the old name for 'AM_CPPFLAGS' (or '*_CPPFLAGS')
automake: warning: autoconf input should be named 'configure.ac', not 'configure.in'
plugins/Makefile.am:13: warning: 'INCLUDES' is the old name for 'AM_CPPFLAGS' (or '*_CPPFLAGS')
